<?xml version="1.0" encoding="UTF-8"?>
<!-- Generated by org.testng.reporters.JUnitReportReporter -->
<testsuite hostname="DESKTOP-U8M9UI4" failures="0" tests="3" name="automationprojects.tests.SubmitOrderTest" time="27.038" errors="0" timestamp="2023-08-03T22:05:08 GMT-06:00" skipped="0">
  <testcase classname="automationprojects.tests.SubmitOrderTest" name="SubmitOrder" time="11.038"/>
  <testcase classname="automationprojects.tests.SubmitOrderTest" name="SubmitOrder" time="9.532"/>
  <testcase classname="automationprojects.tests.SubmitOrderTest" name="OrderHistoryTest" time="6.468"/>
</testsuite> <!-- automationprojects.tests.SubmitOrderTest -->
