<?xml version="1.0" encoding="UTF-8"?>
<!-- Generated by org.testng.reporters.JUnitReportReporter -->
<testsuite hostname="DESKTOP-U8M9UI4" failures="0" tests="3" name="automationprojects.tests.SubmitOrderTest" time="28.733" errors="0" timestamp="2023-08-08T18:14:05 GMT-06:00" skipped="0">
  <testcase classname="automationprojects.tests.SubmitOrderTest" name="OrderHistoryTest" time="8.969"/>
  <testcase classname="automationprojects.tests.SubmitOrderTest" name="SubmitOrder" time="10.181"/>
  <testcase classname="automationprojects.tests.SubmitOrderTest" name="SubmitOrder" time="9.583"/>
</testsuite> <!-- automationprojects.tests.SubmitOrderTest -->
